<?xml version="1.0" encoding="UTF-8"?>
<!-- Generated by org.testng.reporters.JUnitXMLReporter -->
<testsuite hostname="LAPTOP-6F5IMLR2" ignored="0" name="Test" tests="10" failures="1" timestamp="26 Mar 2022 11:59:09 GMT" time="0.06" errors="0">
  <testcase name="tc01" time="0.006" classname="org.sampletestng.SampleTest1"/>
  <testcase name="tc02" time="0.0" classname="org.sampletestng.SampleTest1">
    <skipped/>
  </testcase> <!-- tc02 -->
  <testcase name="tc02" time="0.0" classname="org.sampletestng.SampleTest1">
    <skipped/>
  </testcase> <!-- tc02 -->
  <testcase name="tc02" time="0.0" classname="org.sampletestng.SampleTest1">
    <skipped/>
  </testcase> <!-- tc02 -->
  <testcase name="tc02" time="0.002" classname="org.sampletestng.SampleTest1">
    <skipped/>
  </testcase> <!-- tc02 -->
  <testcase name="tc02" time="0.0" classname="org.sampletestng.SampleTest1">
    <skipped/>
  </testcase> <!-- tc02 -->
  <testcase name="tc02" time="0.0" classname="org.sampletestng.SampleTest1">
    <failure type="java.lang.AssertionError" message="expected [true] but found [false]">
      <![CDATA[java.lang.AssertionError: expected [true] but found [false]
at org.sampletestng.SampleTest1.tc02(SampleTest1.java:36)
... Removed 29 stack frames]]>
    </failure>
  </testcase> <!-- tc02 -->
  <testcase name="tc03" time="0.0" classname="org.sampletestng.SampleTest1"/>
  <testcase name="tc04" time="0.0" classname="org.sampletestng.SampleTest1"/>
  <testcase name="tc05" time="0.0" classname="org.sampletestng.SampleTest1"/>
</testsuite> <!-- Test -->
